<?xml version="1.0" encoding="UTF-8"?>
<testsuite xmlns:xsi="http://www.w3.org/2001/XMLSchema-instance" xsi:noNamespaceSchemaLocation="https://maven.apache.org/surefire/maven-surefire-plugin/xsd/surefire-test-report-3.0.xsd" version="3.0" name="br.com.enade.model.TbusuarioTest" time="0.285" tests="4" errors="0" skipped="0" failures="1">
  <properties>
[...]
</properties>
  <testcase name="testGetSetEmailUsuario on testGetSetEmailUsuario(br.com.enade.model.TbusuarioTest)" classname="br.com.enade.model.TbusuarioTest" time="0.002"/>
  <testcase name="testGetSetNomeUsuario on testGetSetNomeUsuario(br.com.enade.model.TbusuarioTest)" classname="br.com.enade.model.TbusuarioTest" time="0"/>
  <testcase name="testGetSetIdUsuario on testGetSetIdUsuario(br.com.enade.model.TbusuarioTest)" classname="br.com.enade.model.TbusuarioTest" time="0.001"/>
  <testcase name="testGetSenhaUsuario on testGetSenhaUsuario(br.com.enade.model.TbusuarioTest)" classname="br.com.enade.model.TbusuarioTest" time="0.003">
    <failure message="The test case is a prototype." type="java.lang.AssertionError">java.lang.AssertionError: The test case is a prototype.
	at br.com.enade.model.TbusuarioTest.testGetSenhaUsuario(TbusuarioTest.java:39)
</failure>
    <system-out><![CDATA[Falha
]]></system-out>
  </testcase>
</testsuite>